<?xml version="1.0" encoding="UTF-8"?>
<!DOCTYPE suite SYSTEM "http://testng.org/testng-1.0.dtd" >

<suite name="Manage Product Billing Suite">

	<listeners>
		<listener class-name="org.uncommons.reportng.HTMLReporter" />
		<listener class-name="com.qualitesoft.core.CustomTestListener" />
	</listeners>

	<parameter name="project" value="FreightClub" />
	<parameter name="browser" value="chrome" />
	<parameter name="env" value="qa" />
	<parameter name="URL" value="https://qa.freightclub.com/" />  
	<parameter name="retryCount" value="1" />
	
	<parameter name="testData" value="testdata/FCfiles/qa/ManageBilling/QuickQuoteTestData.xlsx" />
	
	<test name="TEST DISABLE ALL CARRIERS">
		<parameter name="fcusername" value="info@freightclub.com" />
		<parameter name="fcpassword" value="Welcome@2" />
		<parameter name="searchUser" value="test.manageproducts@mailinator.com"/>
		<parameter name="Row" value="2" />
		<classes>
			<class name="com.qualitesoft.freightclub.testscripts.TestSignIn" />
			<class name="com.qualitesoft.freightclub.testscripts.manageprofiles.TestUserIsAbleToSearchProfile" />
			<class name="com.qualitesoft.freightclub.testscripts.manageprofiles.TestDisableAllCarriers" />
			<class name="com.qualitesoft.freightclub.testscripts.manageprofiles.TestEnableCarrier" />
		</classes>
	</test>
	
	<test name="TEST ENABLE CARRIER DETAILS OPTION">
	 	<parameter name="CarrierName" value="ABF Freight" />
		<parameter name="CarrierDetailsOptions" value="Residential Pickup Supported,Loose carton accepted,Send Inside Delivery,Residential Delivery Supported" />
		<classes>
			<class name="com.qualitesoft.freightclub.testscripts.managecarriers.TestEnableCarrierDetailsOptions" />
			<class name="com.qualitesoft.freightclub.testscripts.TestLogOff" />
		</classes>
	</test>
	
	<!-- ******************************** Manage Billing Tests ***************************************** -->
	
	<test name="Test verify book and clone order - LTL with pallet and Non-Palletized">
		<parameter name="fcusername" value="test.manageproducts@mailinator.com" />
		<parameter name="fcpassword" value="Automation@123" />
		<parameter name="Row" value="2" />
		<classes>
			<class name="com.qualitesoft.freightclub.testscripts.TestSignIn" />
			<class name="com.qualitesoft.freightclub.testscripts.quickquote.TestQuickQuote" />	
		</classes>
	</test>
	
	<test name="Test create generic pallet with cartoon count">
		<parameter name="Row" value="3" />
		<classes>
			<class name="com.qualitesoft.freightclub.testscripts.quickquote.TestQuickQuote" />
			<class name="com.qualitesoft.freightclub.testscripts.TestLogOff" />
		</classes>
	</test>
	
	<test name="Test verify user is able to add bills">
		<parameter name="fcusername" value="info@freightclub.com" />
		<parameter name="fcpassword" value="Welcome@2" />
		<classes>
			<class name="com.qualitesoft.freightclub.testscripts.TestSignIn" />
			<class name="com.qualitesoft.freightclub.testscripts.managebilling.TestAddBill" />
		</classes>
	</test>

	<test name="Test verify user is able to upload the bill">
		<classes>
			<class name="com.qualitesoft.freightclub.testscripts.managebilling.TestAddBillUsingFile" />
			<class name="com.qualitesoft.freightclub.testscripts.managebilling.TestViewBill"></class>
		</classes>
	</test>

	<test name="Test verify user is able to delete bills">
		<classes>
			<class name="com.qualitesoft.freightclub.testscripts.managebilling.TestDeleteBill"></class>
		</classes>
	</test>

	<test name="Test verify details on order detail page">
		<classes>
			<class
				name="com.qualitesoft.freightclub.testscripts.managebilling.TestBillsDetails"></class>
		</classes>
	</test>
	
	<test name="TEST EXPORT AND PAGINATION FOR MANAGE BILLING">
		<classes>
			<class name="com.qualitesoft.freightclub.testscripts.managebilling.TestExportBills" />
			<class name="com.qualitesoft.freightclub.testscripts.managebilling.TestPagination" />
			<class name="com.qualitesoft.freightclub.testscripts.TestLogOff" />
		</classes>
	</test>
</suite>		